<?xml version="1.0" encoding="UTF-8"?>
<!-- Generated by org.testng.reporters.JUnitReportReporter -->
<testsuite hostname="INBASDLP01735" name="com.TechM.SeleniumMavenProjectV2.App" tests="1" failures="0" timestamp="28 Feb 2018 06:22:32 GMT" time="42.979" errors="0">
  <testcase name="openMyFBPage" time="42.979" classname="com.TechM.SeleniumMavenProjectV2.App"/>
</testsuite> <!-- com.TechM.SeleniumMavenProjectV2.App -->
