<?xml version="1.0" encoding="UTF-8"?>
<!-- Generated by org.testng.reporters.JUnitReportReporter -->
<testsuite hostname="INBASDLP01735" name="com.TechM.SeleniumMavenProjectV2.AppTest" tests="1" failures="0" timestamp="28 Feb 2018 06:53:39 GMT" time="9.941" errors="0">
  <testcase name="openMyFBPage" time="9.941" classname="com.TechM.SeleniumMavenProjectV2.AppTest"/>
</testsuite> <!-- com.TechM.SeleniumMavenProjectV2.AppTest -->
